<?xml version="1.0" encoding="UTF-8"?>
<testsuite xmlns:xsi="http://www.w3.org/2001/XMLSchema-instance" xsi:noNamespaceSchemaLocation="https://maven.apache.org/surefire/maven-surefire-plugin/xsd/surefire-test-report-3.0.xsd" version="3.0" name="com.app.warehouse.WarehouseApplicationTests" time="4.556" tests="1" errors="0" skipped="0" failures="0">
  <properties>
    <property name="sun.desktop" value="windows"/>
    <property name="awt.toolkit" value="sun.awt.windows.WToolkit"/>
    <property name="file.encoding.pkg" value="sun.io"/>
    <property name="java.specification.version" value="1.8"/>
    <property name="sun.cpu.isalist" value="pentium_pro+mmx pentium_pro pentium+mmx pentium i486 i386 i86"/>
    <property name="sun.jnu.encoding" value="GBK"/>
    <property name="java.class.path" value="D:\GitHub\Warehouse_Management_System\target\test-classes;D:\GitHub\Warehouse_Management_System\target\classes;D:\apache-maven-3.6.1\repository\org\springframework\boot\spring-boot-starter\2.6.13\spring-boot-starter-2.6.13.jar;D:\apache-maven-3.6.1\repository\org\springframework\boot\spring-boot\2.6.13\spring-boot-2.6.13.jar;D:\apache-maven-3.6.1\repository\org\springframework\spring-context\5.3.23\spring-context-5.3.23.jar;D:\apache-maven-3.6.1\repository\org\springframework\boot\spring-boot-autoconfigure\2.6.13\spring-boot-autoconfigure-2.6.13.jar;D:\apache-maven-3.6.1\repository\org\springframework\boot\spring-boot-starter-logging\2.6.13\spring-boot-starter-logging-2.6.13.jar;D:\apache-maven-3.6.1\repository\ch\qos\logback\logback-classic\1.2.11\logback-classic-1.2.11.jar;D:\apache-maven-3.6.1\repository\ch\qos\logback\logback-core\1.2.11\logback-core-1.2.11.jar;D:\apache-maven-3.6.1\repository\org\apache\logging\log4j\log4j-to-slf4j\2.17.2\log4j-to-slf4j-2.17.2.jar;D:\apache-maven-3.6.1\repository\jakarta\annotation\jakarta.annotation-api\1.3.5\jakarta.annotation-api-1.3.5.jar;D:\apache-maven-3.6.1\repository\org\springframework\spring-core\5.3.23\spring-core-5.3.23.jar;D:\apache-maven-3.6.1\repository\org\springframework\spring-jcl\5.3.23\spring-jcl-5.3.23.jar;D:\apache-maven-3.6.1\repository\org\yaml\snakeyaml\1.29\snakeyaml-1.29.jar;D:\apache-maven-3.6.1\repository\org\springframework\boot\spring-boot-starter-jdbc\2.6.13\spring-boot-starter-jdbc-2.6.13.jar;D:\apache-maven-3.6.1\repository\com\zaxxer\HikariCP\4.0.3\HikariCP-4.0.3.jar;D:\apache-maven-3.6.1\repository\org\springframework\spring-jdbc\5.3.23\spring-jdbc-5.3.23.jar;D:\apache-maven-3.6.1\repository\org\springframework\spring-beans\5.3.23\spring-beans-5.3.23.jar;D:\apache-maven-3.6.1\repository\org\springframework\spring-tx\5.3.23\spring-tx-5.3.23.jar;D:\apache-maven-3.6.1\repository\org\mybatis\spring\boot\mybatis-spring-boot-starter\3.0.0\mybatis-spring-boot-starter-3.0.0.jar;D:\apache-maven-3.6.1\repository\org\mybatis\spring\boot\mybatis-spring-boot-autoconfigure\3.0.0\mybatis-spring-boot-autoconfigure-3.0.0.jar;D:\apache-maven-3.6.1\repository\org\mybatis\mybatis\3.5.11\mybatis-3.5.11.jar;D:\apache-maven-3.6.1\repository\org\mybatis\mybatis-spring\3.0.0\mybatis-spring-3.0.0.jar;D:\apache-maven-3.6.1\repository\com\baomidou\mybatis-plus-boot-starter\3.5.4\mybatis-plus-boot-starter-3.5.4.jar;D:\apache-maven-3.6.1\repository\com\baomidou\mybatis-plus\3.5.4\mybatis-plus-3.5.4.jar;D:\apache-maven-3.6.1\repository\com\baomidou\mybatis-plus-core\3.5.4\mybatis-plus-core-3.5.4.jar;D:\apache-maven-3.6.1\repository\com\baomidou\mybatis-plus-annotation\3.5.4\mybatis-plus-annotation-3.5.4.jar;D:\apache-maven-3.6.1\repository\com\baomidou\mybatis-plus-extension\3.5.4\mybatis-plus-extension-3.5.4.jar;D:\apache-maven-3.6.1\repository\com\github\jsqlparser\jsqlparser\4.6\jsqlparser-4.6.jar;D:\apache-maven-3.6.1\repository\com\baomidou\mybatis-plus-spring-boot-autoconfigure\3.5.4\mybatis-plus-spring-boot-autoconfigure-3.5.4.jar;D:\apache-maven-3.6.1\repository\org\springframework\boot\spring-boot-starter-web\2.6.13\spring-boot-starter-web-2.6.13.jar;D:\apache-maven-3.6.1\repository\org\springframework\boot\spring-boot-starter-json\2.6.13\spring-boot-starter-json-2.6.13.jar;D:\apache-maven-3.6.1\repository\com\fasterxml\jackson\datatype\jackson-datatype-jdk8\2.13.4\jackson-datatype-jdk8-2.13.4.jar;D:\apache-maven-3.6.1\repository\com\fasterxml\jackson\datatype\jackson-datatype-jsr310\2.13.4\jackson-datatype-jsr310-2.13.4.jar;D:\apache-maven-3.6.1\repository\com\fasterxml\jackson\module\jackson-module-parameter-names\2.13.4\jackson-module-parameter-names-2.13.4.jar;D:\apache-maven-3.6.1\repository\org\springframework\boot\spring-boot-starter-tomcat\2.6.13\spring-boot-starter-tomcat-2.6.13.jar;D:\apache-maven-3.6.1\repository\org\apache\tomcat\embed\tomcat-embed-core\9.0.68\tomcat-embed-core-9.0.68.jar;D:\apache-maven-3.6.1\repository\org\apache\tomcat\embed\tomcat-embed-el\9.0.68\tomcat-embed-el-9.0.68.jar;D:\apache-maven-3.6.1\repository\org\apache\tomcat\embed\tomcat-embed-websocket\9.0.68\tomcat-embed-websocket-9.0.68.jar;D:\apache-maven-3.6.1\repository\org\springframework\spring-web\5.3.23\spring-web-5.3.23.jar;D:\apache-maven-3.6.1\repository\org\springframework\spring-webmvc\5.3.23\spring-webmvc-5.3.23.jar;D:\apache-maven-3.6.1\repository\org\springframework\spring-expression\5.3.23\spring-expression-5.3.23.jar;D:\apache-maven-3.6.1\repository\org\projectlombok\lombok\1.18.24\lombok-1.18.24.jar;D:\apache-maven-3.6.1\repository\org\springframework\boot\spring-boot-starter-log4j2\2.6.13\spring-boot-starter-log4j2-2.6.13.jar;D:\apache-maven-3.6.1\repository\org\apache\logging\log4j\log4j-slf4j-impl\2.17.2\log4j-slf4j-impl-2.17.2.jar;D:\apache-maven-3.6.1\repository\org\apache\logging\log4j\log4j-api\2.17.2\log4j-api-2.17.2.jar;D:\apache-maven-3.6.1\repository\org\apache\logging\log4j\log4j-core\2.17.2\log4j-core-2.17.2.jar;D:\apache-maven-3.6.1\repository\org\apache\logging\log4j\log4j-jul\2.17.2\log4j-jul-2.17.2.jar;D:\apache-maven-3.6.1\repository\org\slf4j\jul-to-slf4j\1.7.36\jul-to-slf4j-1.7.36.jar;D:\apache-maven-3.6.1\repository\com\mysql\mysql-connector-j\8.0.31\mysql-connector-j-8.0.31.jar;D:\apache-maven-3.6.1\repository\org\springframework\boot\spring-boot-starter-test\2.6.13\spring-boot-starter-test-2.6.13.jar;D:\apache-maven-3.6.1\repository\org\springframework\boot\spring-boot-test\2.6.13\spring-boot-test-2.6.13.jar;D:\apache-maven-3.6.1\repository\org\springframework\boot\spring-boot-test-autoconfigure\2.6.13\spring-boot-test-autoconfigure-2.6.13.jar;D:\apache-maven-3.6.1\repository\com\jayway\jsonpath\json-path\2.6.0\json-path-2.6.0.jar;D:\apache-maven-3.6.1\repository\net\minidev\json-smart\2.4.8\json-smart-2.4.8.jar;D:\apache-maven-3.6.1\repository\net\minidev\accessors-smart\2.4.8\accessors-smart-2.4.8.jar;D:\apache-maven-3.6.1\repository\org\ow2\asm\asm\9.1\asm-9.1.jar;D:\apache-maven-3.6.1\repository\jakarta\xml\bind\jakarta.xml.bind-api\2.3.3\jakarta.xml.bind-api-2.3.3.jar;D:\apache-maven-3.6.1\repository\jakarta\activation\jakarta.activation-api\1.2.2\jakarta.activation-api-1.2.2.jar;D:\apache-maven-3.6.1\repository\org\assertj\assertj-core\3.21.0\assertj-core-3.21.0.jar;D:\apache-maven-3.6.1\repository\org\hamcrest\hamcrest\2.2\hamcrest-2.2.jar;D:\apache-maven-3.6.1\repository\org\junit\jupiter\junit-jupiter\5.8.2\junit-jupiter-5.8.2.jar;D:\apache-maven-3.6.1\repository\org\junit\jupiter\junit-jupiter-api\5.8.2\junit-jupiter-api-5.8.2.jar;D:\apache-maven-3.6.1\repository\org\opentest4j\opentest4j\1.2.0\opentest4j-1.2.0.jar;D:\apache-maven-3.6.1\repository\org\junit\platform\junit-platform-commons\1.8.2\junit-platform-commons-1.8.2.jar;D:\apache-maven-3.6.1\repository\org\apiguardian\apiguardian-api\1.1.2\apiguardian-api-1.1.2.jar;D:\apache-maven-3.6.1\repository\org\junit\jupiter\junit-jupiter-params\5.8.2\junit-jupiter-params-5.8.2.jar;D:\apache-maven-3.6.1\repository\org\junit\jupiter\junit-jupiter-engine\5.8.2\junit-jupiter-engine-5.8.2.jar;D:\apache-maven-3.6.1\repository\org\junit\platform\junit-platform-engine\1.8.2\junit-platform-engine-1.8.2.jar;D:\apache-maven-3.6.1\repository\org\mockito\mockito-core\4.0.0\mockito-core-4.0.0.jar;D:\apache-maven-3.6.1\repository\net\bytebuddy\byte-buddy\1.11.22\byte-buddy-1.11.22.jar;D:\apache-maven-3.6.1\repository\net\bytebuddy\byte-buddy-agent\1.11.22\byte-buddy-agent-1.11.22.jar;D:\apache-maven-3.6.1\repository\org\objenesis\objenesis\3.2\objenesis-3.2.jar;D:\apache-maven-3.6.1\repository\org\mockito\mockito-junit-jupiter\4.0.0\mockito-junit-jupiter-4.0.0.jar;D:\apache-maven-3.6.1\repository\org\skyscreamer\jsonassert\1.5.1\jsonassert-1.5.1.jar;D:\apache-maven-3.6.1\repository\com\vaadin\external\google\android-json\0.0.20131108.vaadin1\android-json-0.0.20131108.vaadin1.jar;D:\apache-maven-3.6.1\repository\org\springframework\spring-test\5.3.23\spring-test-5.3.23.jar;D:\apache-maven-3.6.1\repository\org\xmlunit\xmlunit-core\2.8.4\xmlunit-core-2.8.4.jar;D:\apache-maven-3.6.1\repository\de\roskenet\springboot-javafx-support\2.1.6\springboot-javafx-support-2.1.6.jar;D:\apache-maven-3.6.1\repository\com\zenjava\javafx-maven-plugin\8.8.3\javafx-maven-plugin-8.8.3.jar;D:\apache-maven-3.6.1\repository\org\apache\maven\maven-plugin-api\3.0\maven-plugin-api-3.0.jar;D:\apache-maven-3.6.1\repository\org\apache\maven\maven-model\3.0\maven-model-3.0.jar;D:\apache-maven-3.6.1\repository\org\apache\maven\maven-artifact\3.0\maven-artifact-3.0.jar;D:\apache-maven-3.6.1\repository\org\sonatype\sisu\sisu-inject-plexus\1.4.2\sisu-inject-plexus-1.4.2.jar;D:\apache-maven-3.6.1\repository\org\sonatype\sisu\sisu-inject-bean\1.4.2\sisu-inject-bean-1.4.2.jar;D:\apache-maven-3.6.1\repository\org\sonatype\sisu\sisu-guice\2.1.7\sisu-guice-2.1.7-noaop.jar;D:\apache-maven-3.6.1\repository\org\apache\maven\maven-core\3.0\maven-core-3.0.jar;D:\apache-maven-3.6.1\repository\org\apache\maven\maven-settings\3.0\maven-settings-3.0.jar;D:\apache-maven-3.6.1\repository\org\apache\maven\maven-settings-builder\3.0\maven-settings-builder-3.0.jar;D:\apache-maven-3.6.1\repository\org\apache\maven\maven-repository-metadata\3.0\maven-repository-metadata-3.0.jar;D:\apache-maven-3.6.1\repository\org\apache\maven\maven-model-builder\3.0\maven-model-builder-3.0.jar;D:\apache-maven-3.6.1\repository\org\apache\maven\maven-aether-provider\3.0\maven-aether-provider-3.0.jar;D:\apache-maven-3.6.1\repository\org\sonatype\aether\aether-impl\1.7\aether-impl-1.7.jar;D:\apache-maven-3.6.1\repository\org\sonatype\aether\aether-spi\1.7\aether-spi-1.7.jar;D:\apache-maven-3.6.1\repository\org\sonatype\aether\aether-api\1.7\aether-api-1.7.jar;D:\apache-maven-3.6.1\repository\org\sonatype\aether\aether-util\1.7\aether-util-1.7.jar;D:\apache-maven-3.6.1\repository\org\codehaus\plexus\plexus-interpolation\1.14\plexus-interpolation-1.14.jar;D:\apache-maven-3.6.1\repository\org\codehaus\plexus\plexus-utils\2.0.4\plexus-utils-2.0.4.jar;D:\apache-maven-3.6.1\repository\org\codehaus\plexus\plexus-classworlds\2.2.3\plexus-classworlds-2.2.3.jar;D:\apache-maven-3.6.1\repository\org\codehaus\plexus\plexus-component-annotations\1.5.5\plexus-component-annotations-1.5.5.jar;D:\apache-maven-3.6.1\repository\org\sonatype\plexus\plexus-sec-dispatcher\1.3\plexus-sec-dispatcher-1.3.jar;D:\apache-maven-3.6.1\repository\org\sonatype\plexus\plexus-cipher\1.4\plexus-cipher-1.4.jar;C:\Program Files (x86)\Java\jdk1.8.0_361\jre\..\lib\ant-javafx.jar;D:\apache-maven-3.6.1\repository\com\alibaba\druid-spring-boot-starter\1.2.6\druid-spring-boot-starter-1.2.6.jar;D:\apache-maven-3.6.1\repository\com\alibaba\druid\1.2.6\druid-1.2.6.jar;D:\apache-maven-3.6.1\repository\org\slf4j\slf4j-api\1.7.36\slf4j-api-1.7.36.jar;D:\apache-maven-3.6.1\repository\com\baomidou\mybatis-plus-generator\3.5.4\mybatis-plus-generator-3.5.4.jar;D:\apache-maven-3.6.1\repository\org\apache\velocity\velocity\1.7\velocity-1.7.jar;D:\apache-maven-3.6.1\repository\commons-collections\commons-collections\3.2.1\commons-collections-3.2.1.jar;D:\apache-maven-3.6.1\repository\commons-lang\commons-lang\2.4\commons-lang-2.4.jar;D:\apache-maven-3.6.1\repository\javax\validation\validation-api\2.0.1.Final\validation-api-2.0.1.Final.jar;D:\apache-maven-3.6.1\repository\io\swagger\swagger-annotations\1.5.10\swagger-annotations-1.5.10.jar;D:\apache-maven-3.6.1\repository\org\hibernate\validator\hibernate-validator\6.0.18.Final\hibernate-validator-6.0.18.Final.jar;D:\apache-maven-3.6.1\repository\org\jboss\logging\jboss-logging\3.4.3.Final\jboss-logging-3.4.3.Final.jar;D:\apache-maven-3.6.1\repository\com\fasterxml\classmate\1.5.1\classmate-1.5.1.jar;D:\apache-maven-3.6.1\repository\org\glassfish\javax.el\3.0.0\javax.el-3.0.0.jar;D:\apache-maven-3.6.1\repository\com\alibaba\fastjson\1.2.31\fastjson-1.2.31.jar;D:\apache-maven-3.6.1\repository\org\springframework\boot\spring-boot-starter-data-redis\2.6.13\spring-boot-starter-data-redis-2.6.13.jar;D:\apache-maven-3.6.1\repository\org\springframework\data\spring-data-redis\2.6.9\spring-data-redis-2.6.9.jar;D:\apache-maven-3.6.1\repository\org\springframework\data\spring-data-keyvalue\2.6.9\spring-data-keyvalue-2.6.9.jar;D:\apache-maven-3.6.1\repository\org\springframework\data\spring-data-commons\2.6.9\spring-data-commons-2.6.9.jar;D:\apache-maven-3.6.1\repository\org\springframework\spring-oxm\5.3.23\spring-oxm-5.3.23.jar;D:\apache-maven-3.6.1\repository\org\springframework\spring-context-support\5.3.23\spring-context-support-5.3.23.jar;D:\apache-maven-3.6.1\repository\io\lettuce\lettuce-core\6.1.10.RELEASE\lettuce-core-6.1.10.RELEASE.jar;D:\apache-maven-3.6.1\repository\io\netty\netty-common\4.1.84.Final\netty-common-4.1.84.Final.jar;D:\apache-maven-3.6.1\repository\io\netty\netty-handler\4.1.84.Final\netty-handler-4.1.84.Final.jar;D:\apache-maven-3.6.1\repository\io\netty\netty-resolver\4.1.84.Final\netty-resolver-4.1.84.Final.jar;D:\apache-maven-3.6.1\repository\io\netty\netty-buffer\4.1.84.Final\netty-buffer-4.1.84.Final.jar;D:\apache-maven-3.6.1\repository\io\netty\netty-transport-native-unix-common\4.1.84.Final\netty-transport-native-unix-common-4.1.84.Final.jar;D:\apache-maven-3.6.1\repository\io\netty\netty-codec\4.1.84.Final\netty-codec-4.1.84.Final.jar;D:\apache-maven-3.6.1\repository\io\netty\netty-transport\4.1.84.Final\netty-transport-4.1.84.Final.jar;D:\apache-maven-3.6.1\repository\io\projectreactor\reactor-core\3.4.24\reactor-core-3.4.24.jar;D:\apache-maven-3.6.1\repository\org\reactivestreams\reactive-streams\1.0.4\reactive-streams-1.0.4.jar;D:\apache-maven-3.6.1\repository\org\springframework\boot\spring-boot-starter-security\2.6.13\spring-boot-starter-security-2.6.13.jar;D:\apache-maven-3.6.1\repository\org\springframework\spring-aop\5.3.23\spring-aop-5.3.23.jar;D:\apache-maven-3.6.1\repository\org\springframework\security\spring-security-config\5.6.8\spring-security-config-5.6.8.jar;D:\apache-maven-3.6.1\repository\org\springframework\security\spring-security-core\5.6.8\spring-security-core-5.6.8.jar;D:\apache-maven-3.6.1\repository\org\springframework\security\spring-security-crypto\5.6.8\spring-security-crypto-5.6.8.jar;D:\apache-maven-3.6.1\repository\org\springframework\security\spring-security-web\5.6.8\spring-security-web-5.6.8.jar;D:\apache-maven-3.6.1\repository\com\auth0\java-jwt\3.4.0\java-jwt-3.4.0.jar;D:\apache-maven-3.6.1\repository\com\fasterxml\jackson\core\jackson-databind\2.13.4.2\jackson-databind-2.13.4.2.jar;D:\apache-maven-3.6.1\repository\com\fasterxml\jackson\core\jackson-annotations\2.13.4\jackson-annotations-2.13.4.jar;D:\apache-maven-3.6.1\repository\com\fasterxml\jackson\core\jackson-core\2.13.4\jackson-core-2.13.4.jar;D:\apache-maven-3.6.1\repository\io\jsonwebtoken\jjwt\0.9.0\jjwt-0.9.0.jar;D:\apache-maven-3.6.1\repository\commons-codec\commons-codec\1.6\commons-codec-1.6.jar;D:\apache-maven-3.6.1\repository\org\openjfx\javafx-controls\17.0.6\javafx-controls-17.0.6.jar;D:\apache-maven-3.6.1\repository\org\openjfx\javafx-controls\17.0.6\javafx-controls-17.0.6-win-x86.jar;D:\apache-maven-3.6.1\repository\org\openjfx\javafx-graphics\17.0.6\javafx-graphics-17.0.6.jar;D:\apache-maven-3.6.1\repository\org\openjfx\javafx-graphics\17.0.6\javafx-graphics-17.0.6-win-x86.jar;D:\apache-maven-3.6.1\repository\org\openjfx\javafx-base\17.0.6\javafx-base-17.0.6.jar;D:\apache-maven-3.6.1\repository\org\openjfx\javafx-base\17.0.6\javafx-base-17.0.6-win-x86.jar;D:\apache-maven-3.6.1\repository\org\springframework\boot\spring-boot-starter-actuator\2.6.13\spring-boot-starter-actuator-2.6.13.jar;D:\apache-maven-3.6.1\repository\org\springframework\boot\spring-boot-actuator-autoconfigure\2.6.13\spring-boot-actuator-autoconfigure-2.6.13.jar;D:\apache-maven-3.6.1\repository\org\springframework\boot\spring-boot-actuator\2.6.13\spring-boot-actuator-2.6.13.jar;D:\apache-maven-3.6.1\repository\io\micrometer\micrometer-core\1.8.11\micrometer-core-1.8.11.jar;D:\apache-maven-3.6.1\repository\org\hdrhistogram\HdrHistogram\2.1.12\HdrHistogram-2.1.12.jar;D:\apache-maven-3.6.1\repository\org\latencyutils\LatencyUtils\2.0.3\LatencyUtils-2.0.3.jar;"/>
    <property name="java.vm.vendor" value="Oracle Corporation"/>
    <property name="sun.arch.data.model" value="32"/>
    <property name="user.variant" value=""/>
    <property name="java.vendor.url" value="http://java.oracle.com/"/>
    <property name="user.timezone" value="GMT+08:00"/>
    <property name="java.vm.specification.version" value="1.8"/>
    <property name="os.name" value="Windows 11"/>
    <property name="user.country" value="CN"/>
    <property name="sun.java.launcher" value="SUN_STANDARD"/>
    <property name="sun.boot.library.path" value="C:\Program Files (x86)\Java\jdk1.8.0_361\jre\bin"/>
    <property name="sun.java.command" value="D:\Temp\surefire6817672223562973686\surefirebooter-20241013215428377_3.jar D:\Temp\surefire6817672223562973686 2024-10-13T21-54-28_019-jvmRun1 surefire-20241013215428377_1tmp surefire_0-20241013215428377_2tmp"/>
    <property name="surefire.test.class.path" value="D:\GitHub\Warehouse_Management_System\target\test-classes;D:\GitHub\Warehouse_Management_System\target\classes;D:\apache-maven-3.6.1\repository\org\springframework\boot\spring-boot-starter\2.6.13\spring-boot-starter-2.6.13.jar;D:\apache-maven-3.6.1\repository\org\springframework\boot\spring-boot\2.6.13\spring-boot-2.6.13.jar;D:\apache-maven-3.6.1\repository\org\springframework\spring-context\5.3.23\spring-context-5.3.23.jar;D:\apache-maven-3.6.1\repository\org\springframework\boot\spring-boot-autoconfigure\2.6.13\spring-boot-autoconfigure-2.6.13.jar;D:\apache-maven-3.6.1\repository\org\springframework\boot\spring-boot-starter-logging\2.6.13\spring-boot-starter-logging-2.6.13.jar;D:\apache-maven-3.6.1\repository\ch\qos\logback\logback-classic\1.2.11\logback-classic-1.2.11.jar;D:\apache-maven-3.6.1\repository\ch\qos\logback\logback-core\1.2.11\logback-core-1.2.11.jar;D:\apache-maven-3.6.1\repository\org\apache\logging\log4j\log4j-to-slf4j\2.17.2\log4j-to-slf4j-2.17.2.jar;D:\apache-maven-3.6.1\repository\jakarta\annotation\jakarta.annotation-api\1.3.5\jakarta.annotation-api-1.3.5.jar;D:\apache-maven-3.6.1\repository\org\springframework\spring-core\5.3.23\spring-core-5.3.23.jar;D:\apache-maven-3.6.1\repository\org\springframework\spring-jcl\5.3.23\spring-jcl-5.3.23.jar;D:\apache-maven-3.6.1\repository\org\yaml\snakeyaml\1.29\snakeyaml-1.29.jar;D:\apache-maven-3.6.1\repository\org\springframework\boot\spring-boot-starter-jdbc\2.6.13\spring-boot-starter-jdbc-2.6.13.jar;D:\apache-maven-3.6.1\repository\com\zaxxer\HikariCP\4.0.3\HikariCP-4.0.3.jar;D:\apache-maven-3.6.1\repository\org\springframework\spring-jdbc\5.3.23\spring-jdbc-5.3.23.jar;D:\apache-maven-3.6.1\repository\org\springframework\spring-beans\5.3.23\spring-beans-5.3.23.jar;D:\apache-maven-3.6.1\repository\org\springframework\spring-tx\5.3.23\spring-tx-5.3.23.jar;D:\apache-maven-3.6.1\repository\org\mybatis\spring\boot\mybatis-spring-boot-starter\3.0.0\mybatis-spring-boot-starter-3.0.0.jar;D:\apache-maven-3.6.1\repository\org\mybatis\spring\boot\mybatis-spring-boot-autoconfigure\3.0.0\mybatis-spring-boot-autoconfigure-3.0.0.jar;D:\apache-maven-3.6.1\repository\org\mybatis\mybatis\3.5.11\mybatis-3.5.11.jar;D:\apache-maven-3.6.1\repository\org\mybatis\mybatis-spring\3.0.0\mybatis-spring-3.0.0.jar;D:\apache-maven-3.6.1\repository\com\baomidou\mybatis-plus-boot-starter\3.5.4\mybatis-plus-boot-starter-3.5.4.jar;D:\apache-maven-3.6.1\repository\com\baomidou\mybatis-plus\3.5.4\mybatis-plus-3.5.4.jar;D:\apache-maven-3.6.1\repository\com\baomidou\mybatis-plus-core\3.5.4\mybatis-plus-core-3.5.4.jar;D:\apache-maven-3.6.1\repository\com\baomidou\mybatis-plus-annotation\3.5.4\mybatis-plus-annotation-3.5.4.jar;D:\apache-maven-3.6.1\repository\com\baomidou\mybatis-plus-extension\3.5.4\mybatis-plus-extension-3.5.4.jar;D:\apache-maven-3.6.1\repository\com\github\jsqlparser\jsqlparser\4.6\jsqlparser-4.6.jar;D:\apache-maven-3.6.1\repository\com\baomidou\mybatis-plus-spring-boot-autoconfigure\3.5.4\mybatis-plus-spring-boot-autoconfigure-3.5.4.jar;D:\apache-maven-3.6.1\repository\org\springframework\boot\spring-boot-starter-web\2.6.13\spring-boot-starter-web-2.6.13.jar;D:\apache-maven-3.6.1\repository\org\springframework\boot\spring-boot-starter-json\2.6.13\spring-boot-starter-json-2.6.13.jar;D:\apache-maven-3.6.1\repository\com\fasterxml\jackson\datatype\jackson-datatype-jdk8\2.13.4\jackson-datatype-jdk8-2.13.4.jar;D:\apache-maven-3.6.1\repository\com\fasterxml\jackson\datatype\jackson-datatype-jsr310\2.13.4\jackson-datatype-jsr310-2.13.4.jar;D:\apache-maven-3.6.1\repository\com\fasterxml\jackson\module\jackson-module-parameter-names\2.13.4\jackson-module-parameter-names-2.13.4.jar;D:\apache-maven-3.6.1\repository\org\springframework\boot\spring-boot-starter-tomcat\2.6.13\spring-boot-starter-tomcat-2.6.13.jar;D:\apache-maven-3.6.1\repository\org\apache\tomcat\embed\tomcat-embed-core\9.0.68\tomcat-embed-core-9.0.68.jar;D:\apache-maven-3.6.1\repository\org\apache\tomcat\embed\tomcat-embed-el\9.0.68\tomcat-embed-el-9.0.68.jar;D:\apache-maven-3.6.1\repository\org\apache\tomcat\embed\tomcat-embed-websocket\9.0.68\tomcat-embed-websocket-9.0.68.jar;D:\apache-maven-3.6.1\repository\org\springframework\spring-web\5.3.23\spring-web-5.3.23.jar;D:\apache-maven-3.6.1\repository\org\springframework\spring-webmvc\5.3.23\spring-webmvc-5.3.23.jar;D:\apache-maven-3.6.1\repository\org\springframework\spring-expression\5.3.23\spring-expression-5.3.23.jar;D:\apache-maven-3.6.1\repository\org\projectlombok\lombok\1.18.24\lombok-1.18.24.jar;D:\apache-maven-3.6.1\repository\org\springframework\boot\spring-boot-starter-log4j2\2.6.13\spring-boot-starter-log4j2-2.6.13.jar;D:\apache-maven-3.6.1\repository\org\apache\logging\log4j\log4j-slf4j-impl\2.17.2\log4j-slf4j-impl-2.17.2.jar;D:\apache-maven-3.6.1\repository\org\apache\logging\log4j\log4j-api\2.17.2\log4j-api-2.17.2.jar;D:\apache-maven-3.6.1\repository\org\apache\logging\log4j\log4j-core\2.17.2\log4j-core-2.17.2.jar;D:\apache-maven-3.6.1\repository\org\apache\logging\log4j\log4j-jul\2.17.2\log4j-jul-2.17.2.jar;D:\apache-maven-3.6.1\repository\org\slf4j\jul-to-slf4j\1.7.36\jul-to-slf4j-1.7.36.jar;D:\apache-maven-3.6.1\repository\com\mysql\mysql-connector-j\8.0.31\mysql-connector-j-8.0.31.jar;D:\apache-maven-3.6.1\repository\org\springframework\boot\spring-boot-starter-test\2.6.13\spring-boot-starter-test-2.6.13.jar;D:\apache-maven-3.6.1\repository\org\springframework\boot\spring-boot-test\2.6.13\spring-boot-test-2.6.13.jar;D:\apache-maven-3.6.1\repository\org\springframework\boot\spring-boot-test-autoconfigure\2.6.13\spring-boot-test-autoconfigure-2.6.13.jar;D:\apache-maven-3.6.1\repository\com\jayway\jsonpath\json-path\2.6.0\json-path-2.6.0.jar;D:\apache-maven-3.6.1\repository\net\minidev\json-smart\2.4.8\json-smart-2.4.8.jar;D:\apache-maven-3.6.1\repository\net\minidev\accessors-smart\2.4.8\accessors-smart-2.4.8.jar;D:\apache-maven-3.6.1\repository\org\ow2\asm\asm\9.1\asm-9.1.jar;D:\apache-maven-3.6.1\repository\jakarta\xml\bind\jakarta.xml.bind-api\2.3.3\jakarta.xml.bind-api-2.3.3.jar;D:\apache-maven-3.6.1\repository\jakarta\activation\jakarta.activation-api\1.2.2\jakarta.activation-api-1.2.2.jar;D:\apache-maven-3.6.1\repository\org\assertj\assertj-core\3.21.0\assertj-core-3.21.0.jar;D:\apache-maven-3.6.1\repository\org\hamcrest\hamcrest\2.2\hamcrest-2.2.jar;D:\apache-maven-3.6.1\repository\org\junit\jupiter\junit-jupiter\5.8.2\junit-jupiter-5.8.2.jar;D:\apache-maven-3.6.1\repository\org\junit\jupiter\junit-jupiter-api\5.8.2\junit-jupiter-api-5.8.2.jar;D:\apache-maven-3.6.1\repository\org\opentest4j\opentest4j\1.2.0\opentest4j-1.2.0.jar;D:\apache-maven-3.6.1\repository\org\junit\platform\junit-platform-commons\1.8.2\junit-platform-commons-1.8.2.jar;D:\apache-maven-3.6.1\repository\org\apiguardian\apiguardian-api\1.1.2\apiguardian-api-1.1.2.jar;D:\apache-maven-3.6.1\repository\org\junit\jupiter\junit-jupiter-params\5.8.2\junit-jupiter-params-5.8.2.jar;D:\apache-maven-3.6.1\repository\org\junit\jupiter\junit-jupiter-engine\5.8.2\junit-jupiter-engine-5.8.2.jar;D:\apache-maven-3.6.1\repository\org\junit\platform\junit-platform-engine\1.8.2\junit-platform-engine-1.8.2.jar;D:\apache-maven-3.6.1\repository\org\mockito\mockito-core\4.0.0\mockito-core-4.0.0.jar;D:\apache-maven-3.6.1\repository\net\bytebuddy\byte-buddy\1.11.22\byte-buddy-1.11.22.jar;D:\apache-maven-3.6.1\repository\net\bytebuddy\byte-buddy-agent\1.11.22\byte-buddy-agent-1.11.22.jar;D:\apache-maven-3.6.1\repository\org\objenesis\objenesis\3.2\objenesis-3.2.jar;D:\apache-maven-3.6.1\repository\org\mockito\mockito-junit-jupiter\4.0.0\mockito-junit-jupiter-4.0.0.jar;D:\apache-maven-3.6.1\repository\org\skyscreamer\jsonassert\1.5.1\jsonassert-1.5.1.jar;D:\apache-maven-3.6.1\repository\com\vaadin\external\google\android-json\0.0.20131108.vaadin1\android-json-0.0.20131108.vaadin1.jar;D:\apache-maven-3.6.1\repository\org\springframework\spring-test\5.3.23\spring-test-5.3.23.jar;D:\apache-maven-3.6.1\repository\org\xmlunit\xmlunit-core\2.8.4\xmlunit-core-2.8.4.jar;D:\apache-maven-3.6.1\repository\de\roskenet\springboot-javafx-support\2.1.6\springboot-javafx-support-2.1.6.jar;D:\apache-maven-3.6.1\repository\com\zenjava\javafx-maven-plugin\8.8.3\javafx-maven-plugin-8.8.3.jar;D:\apache-maven-3.6.1\repository\org\apache\maven\maven-plugin-api\3.0\maven-plugin-api-3.0.jar;D:\apache-maven-3.6.1\repository\org\apache\maven\maven-model\3.0\maven-model-3.0.jar;D:\apache-maven-3.6.1\repository\org\apache\maven\maven-artifact\3.0\maven-artifact-3.0.jar;D:\apache-maven-3.6.1\repository\org\sonatype\sisu\sisu-inject-plexus\1.4.2\sisu-inject-plexus-1.4.2.jar;D:\apache-maven-3.6.1\repository\org\sonatype\sisu\sisu-inject-bean\1.4.2\sisu-inject-bean-1.4.2.jar;D:\apache-maven-3.6.1\repository\org\sonatype\sisu\sisu-guice\2.1.7\sisu-guice-2.1.7-noaop.jar;D:\apache-maven-3.6.1\repository\org\apache\maven\maven-core\3.0\maven-core-3.0.jar;D:\apache-maven-3.6.1\repository\org\apache\maven\maven-settings\3.0\maven-settings-3.0.jar;D:\apache-maven-3.6.1\repository\org\apache\maven\maven-settings-builder\3.0\maven-settings-builder-3.0.jar;D:\apache-maven-3.6.1\repository\org\apache\maven\maven-repository-metadata\3.0\maven-repository-metadata-3.0.jar;D:\apache-maven-3.6.1\repository\org\apache\maven\maven-model-builder\3.0\maven-model-builder-3.0.jar;D:\apache-maven-3.6.1\repository\org\apache\maven\maven-aether-provider\3.0\maven-aether-provider-3.0.jar;D:\apache-maven-3.6.1\repository\org\sonatype\aether\aether-impl\1.7\aether-impl-1.7.jar;D:\apache-maven-3.6.1\repository\org\sonatype\aether\aether-spi\1.7\aether-spi-1.7.jar;D:\apache-maven-3.6.1\repository\org\sonatype\aether\aether-api\1.7\aether-api-1.7.jar;D:\apache-maven-3.6.1\repository\org\sonatype\aether\aether-util\1.7\aether-util-1.7.jar;D:\apache-maven-3.6.1\repository\org\codehaus\plexus\plexus-interpolation\1.14\plexus-interpolation-1.14.jar;D:\apache-maven-3.6.1\repository\org\codehaus\plexus\plexus-utils\2.0.4\plexus-utils-2.0.4.jar;D:\apache-maven-3.6.1\repository\org\codehaus\plexus\plexus-classworlds\2.2.3\plexus-classworlds-2.2.3.jar;D:\apache-maven-3.6.1\repository\org\codehaus\plexus\plexus-component-annotations\1.5.5\plexus-component-annotations-1.5.5.jar;D:\apache-maven-3.6.1\repository\org\sonatype\plexus\plexus-sec-dispatcher\1.3\plexus-sec-dispatcher-1.3.jar;D:\apache-maven-3.6.1\repository\org\sonatype\plexus\plexus-cipher\1.4\plexus-cipher-1.4.jar;C:\Program Files (x86)\Java\jdk1.8.0_361\jre\..\lib\ant-javafx.jar;D:\apache-maven-3.6.1\repository\com\alibaba\druid-spring-boot-starter\1.2.6\druid-spring-boot-starter-1.2.6.jar;D:\apache-maven-3.6.1\repository\com\alibaba\druid\1.2.6\druid-1.2.6.jar;D:\apache-maven-3.6.1\repository\org\slf4j\slf4j-api\1.7.36\slf4j-api-1.7.36.jar;D:\apache-maven-3.6.1\repository\com\baomidou\mybatis-plus-generator\3.5.4\mybatis-plus-generator-3.5.4.jar;D:\apache-maven-3.6.1\repository\org\apache\velocity\velocity\1.7\velocity-1.7.jar;D:\apache-maven-3.6.1\repository\commons-collections\commons-collections\3.2.1\commons-collections-3.2.1.jar;D:\apache-maven-3.6.1\repository\commons-lang\commons-lang\2.4\commons-lang-2.4.jar;D:\apache-maven-3.6.1\repository\javax\validation\validation-api\2.0.1.Final\validation-api-2.0.1.Final.jar;D:\apache-maven-3.6.1\repository\io\swagger\swagger-annotations\1.5.10\swagger-annotations-1.5.10.jar;D:\apache-maven-3.6.1\repository\org\hibernate\validator\hibernate-validator\6.0.18.Final\hibernate-validator-6.0.18.Final.jar;D:\apache-maven-3.6.1\repository\org\jboss\logging\jboss-logging\3.4.3.Final\jboss-logging-3.4.3.Final.jar;D:\apache-maven-3.6.1\repository\com\fasterxml\classmate\1.5.1\classmate-1.5.1.jar;D:\apache-maven-3.6.1\repository\org\glassfish\javax.el\3.0.0\javax.el-3.0.0.jar;D:\apache-maven-3.6.1\repository\com\alibaba\fastjson\1.2.31\fastjson-1.2.31.jar;D:\apache-maven-3.6.1\repository\org\springframework\boot\spring-boot-starter-data-redis\2.6.13\spring-boot-starter-data-redis-2.6.13.jar;D:\apache-maven-3.6.1\repository\org\springframework\data\spring-data-redis\2.6.9\spring-data-redis-2.6.9.jar;D:\apache-maven-3.6.1\repository\org\springframework\data\spring-data-keyvalue\2.6.9\spring-data-keyvalue-2.6.9.jar;D:\apache-maven-3.6.1\repository\org\springframework\data\spring-data-commons\2.6.9\spring-data-commons-2.6.9.jar;D:\apache-maven-3.6.1\repository\org\springframework\spring-oxm\5.3.23\spring-oxm-5.3.23.jar;D:\apache-maven-3.6.1\repository\org\springframework\spring-context-support\5.3.23\spring-context-support-5.3.23.jar;D:\apache-maven-3.6.1\repository\io\lettuce\lettuce-core\6.1.10.RELEASE\lettuce-core-6.1.10.RELEASE.jar;D:\apache-maven-3.6.1\repository\io\netty\netty-common\4.1.84.Final\netty-common-4.1.84.Final.jar;D:\apache-maven-3.6.1\repository\io\netty\netty-handler\4.1.84.Final\netty-handler-4.1.84.Final.jar;D:\apache-maven-3.6.1\repository\io\netty\netty-resolver\4.1.84.Final\netty-resolver-4.1.84.Final.jar;D:\apache-maven-3.6.1\repository\io\netty\netty-buffer\4.1.84.Final\netty-buffer-4.1.84.Final.jar;D:\apache-maven-3.6.1\repository\io\netty\netty-transport-native-unix-common\4.1.84.Final\netty-transport-native-unix-common-4.1.84.Final.jar;D:\apache-maven-3.6.1\repository\io\netty\netty-codec\4.1.84.Final\netty-codec-4.1.84.Final.jar;D:\apache-maven-3.6.1\repository\io\netty\netty-transport\4.1.84.Final\netty-transport-4.1.84.Final.jar;D:\apache-maven-3.6.1\repository\io\projectreactor\reactor-core\3.4.24\reactor-core-3.4.24.jar;D:\apache-maven-3.6.1\repository\org\reactivestreams\reactive-streams\1.0.4\reactive-streams-1.0.4.jar;D:\apache-maven-3.6.1\repository\org\springframework\boot\spring-boot-starter-security\2.6.13\spring-boot-starter-security-2.6.13.jar;D:\apache-maven-3.6.1\repository\org\springframework\spring-aop\5.3.23\spring-aop-5.3.23.jar;D:\apache-maven-3.6.1\repository\org\springframework\security\spring-security-config\5.6.8\spring-security-config-5.6.8.jar;D:\apache-maven-3.6.1\repository\org\springframework\security\spring-security-core\5.6.8\spring-security-core-5.6.8.jar;D:\apache-maven-3.6.1\repository\org\springframework\security\spring-security-crypto\5.6.8\spring-security-crypto-5.6.8.jar;D:\apache-maven-3.6.1\repository\org\springframework\security\spring-security-web\5.6.8\spring-security-web-5.6.8.jar;D:\apache-maven-3.6.1\repository\com\auth0\java-jwt\3.4.0\java-jwt-3.4.0.jar;D:\apache-maven-3.6.1\repository\com\fasterxml\jackson\core\jackson-databind\2.13.4.2\jackson-databind-2.13.4.2.jar;D:\apache-maven-3.6.1\repository\com\fasterxml\jackson\core\jackson-annotations\2.13.4\jackson-annotations-2.13.4.jar;D:\apache-maven-3.6.1\repository\com\fasterxml\jackson\core\jackson-core\2.13.4\jackson-core-2.13.4.jar;D:\apache-maven-3.6.1\repository\io\jsonwebtoken\jjwt\0.9.0\jjwt-0.9.0.jar;D:\apache-maven-3.6.1\repository\commons-codec\commons-codec\1.6\commons-codec-1.6.jar;D:\apache-maven-3.6.1\repository\org\openjfx\javafx-controls\17.0.6\javafx-controls-17.0.6.jar;D:\apache-maven-3.6.1\repository\org\openjfx\javafx-controls\17.0.6\javafx-controls-17.0.6-win-x86.jar;D:\apache-maven-3.6.1\repository\org\openjfx\javafx-graphics\17.0.6\javafx-graphics-17.0.6.jar;D:\apache-maven-3.6.1\repository\org\openjfx\javafx-graphics\17.0.6\javafx-graphics-17.0.6-win-x86.jar;D:\apache-maven-3.6.1\repository\org\openjfx\javafx-base\17.0.6\javafx-base-17.0.6.jar;D:\apache-maven-3.6.1\repository\org\openjfx\javafx-base\17.0.6\javafx-base-17.0.6-win-x86.jar;D:\apache-maven-3.6.1\repository\org\springframework\boot\spring-boot-starter-actuator\2.6.13\spring-boot-starter-actuator-2.6.13.jar;D:\apache-maven-3.6.1\repository\org\springframework\boot\spring-boot-actuator-autoconfigure\2.6.13\spring-boot-actuator-autoconfigure-2.6.13.jar;D:\apache-maven-3.6.1\repository\org\springframework\boot\spring-boot-actuator\2.6.13\spring-boot-actuator-2.6.13.jar;D:\apache-maven-3.6.1\repository\io\micrometer\micrometer-core\1.8.11\micrometer-core-1.8.11.jar;D:\apache-maven-3.6.1\repository\org\hdrhistogram\HdrHistogram\2.1.12\HdrHistogram-2.1.12.jar;D:\apache-maven-3.6.1\repository\org\latencyutils\LatencyUtils\2.0.3\LatencyUtils-2.0.3.jar;"/>
    <property name="sun.cpu.endian" value="little"/>
    <property name="user.home" value="C:\Users\爱吃甜筒"/>
    <property name="user.language" value="zh"/>
    <property name="java.specification.vendor" value="Oracle Corporation"/>
    <property name="java.home" value="C:\Program Files (x86)\Java\jdk1.8.0_361\jre"/>
    <property name="basedir" value="D:\GitHub\Warehouse_Management_System"/>
    <property name="file.separator" value="\"/>
    <property name="line.separator" value="&#10;"/>
    <property name="java.vm.specification.vendor" value="Oracle Corporation"/>
    <property name="java.specification.name" value="Java Platform API Specification"/>
    <property name="FILE_LOG_CHARSET" value="GBK"/>
    <property name="java.awt.graphicsenv" value="sun.awt.Win32GraphicsEnvironment"/>
    <property name="java.awt.headless" value="true"/>
    <property name="surefire.real.class.path" value="D:\Temp\surefire6817672223562973686\surefirebooter-20241013215428377_3.jar"/>
    <property name="sun.boot.class.path" value="C:\Program Files (x86)\Java\jdk1.8.0_361\jre\lib\resources.jar;C:\Program Files (x86)\Java\jdk1.8.0_361\jre\lib\rt.jar;C:\Program Files (x86)\Java\jdk1.8.0_361\jre\lib\jsse.jar;C:\Program Files (x86)\Java\jdk1.8.0_361\jre\lib\jce.jar;C:\Program Files (x86)\Java\jdk1.8.0_361\jre\lib\charsets.jar;C:\Program Files (x86)\Java\jdk1.8.0_361\jre\lib\jfr.jar;C:\Program Files (x86)\Java\jdk1.8.0_361\jre\classes"/>
    <property name="user.script" value=""/>
    <property name="sun.management.compiler" value="HotSpot Client Compiler"/>
    <property name="java.runtime.version" value="1.8.0_361-b09"/>
    <property name="user.name" value="爱吃甜筒"/>
    <property name="path.separator" value=";"/>
    <property name="os.version" value="10.0"/>
    <property name="java.endorsed.dirs" value="C:\Program Files (x86)\Java\jdk1.8.0_361\jre\lib\endorsed"/>
    <property name="java.runtime.name" value="Java(TM) SE Runtime Environment"/>
    <property name="file.encoding" value="GBK"/>
    <property name="spring.beaninfo.ignore" value="true"/>
    <property name="java.vm.name" value="Java HotSpot(TM) Client VM"/>
    <property name="localRepository" value="D:\apache-maven-3.6.1\repository"/>
    <property name="java.vendor.url.bug" value="http://bugreport.sun.com/bugreport/"/>
    <property name="java.io.tmpdir" value="D:\Temp\"/>
    <property name="idea.version" value="2023.3.4"/>
    <property name="java.version" value="1.8.0_361"/>
    <property name="user.dir" value="D:\GitHub\Warehouse_Management_System"/>
    <property name="os.arch" value="x86"/>
    <property name="java.vm.specification.name" value="Java Virtual Machine Specification"/>
    <property name="PID" value="25372"/>
    <property name="java.awt.printerjob" value="sun.awt.windows.WPrinterJob"/>
    <property name="sun.os.patch.level" value=""/>
    <property name="CONSOLE_LOG_CHARSET" value="GBK"/>
    <property name="java.library.path" value="C:\Program Files (x86)\Java\jdk1.8.0_361\jre\bin;C:\WINDOWS\Sun\Java\bin;C:\WINDOWS\system32;C:\WINDOWS;C:\Program Files (x86)\Common Files\Oracle\Java\java8path;C:\Program Files (x86)\Common Files\Oracle\Java\javapath;C:\windows\system32;C:\windows;C:\windows\System32\Wbem;C:\windows\System32\WindowsPowerShell\v1.0\;C:\windows\System32\OpenSSH\;C:\Program Files (x86)\NVIDIA Corporation\PhysX\Common;C:\Program Files\NVIDIA Corporation\NVIDIA NvDLISR;C:\WINDOWS\system32;C:\WINDOWS;C:\WINDOWS\System32\Wbem;C:\WINDOWS\System32\WindowsPowerShell\v1.0\;C:\WINDOWS\System32\OpenSSH\;D:\;D:\node_global\node_modules;D:\ProgramData\MySQL\MySQL Server 8.0\bin;C:\\Users\\爱吃甜筒\\AppData\\Roaming\\npm;%MA;EN_HOME%\bin;C:\Program Files\dotnet\;D:\matlab\runtime\win64;D:\matlab\bin;D:\downlodn\github\git\Git\cmd;C:\Program Files (x86)\Windows Kits\10\Windows Performance Toolkit\;D:\downlodn\jdk8\bin;D:\Redis;D:\anacondaq;D:\anacondaq\Library\mingw-w64\bin;D:\anacondaq\Library\usr\bin;D:\anacondaq\Library\bin;D:\anacondaq\Scripts;D:\downlodn\jdk8\bin;C:\Users\爱吃甜筒\AppData\Local\Microsoft\WindowsApps;.;D:\node_global;D:\qjq\Microsoft VS Code\bin;D:\idea\IntelliJ IDEA 2023.3.4\bin;;D:\pycharm\PyCharm Community Edition 2022.2\bin;;C:\Users\爱吃甜筒\.dotnet\tools;C:\Users\爱吃甜筒\AppData\Local\GitHubDesktop\bin;."/>
    <property name="java.vm.info" value="mixed mode, sharing"/>
    <property name="java.vendor" value="Oracle Corporation"/>
    <property name="java.vm.version" value="25.361-b09"/>
    <property name="java.specification.maintenance.version" value="4"/>
    <property name="java.ext.dirs" value="C:\Program Files (x86)\Java\jdk1.8.0_361\jre\lib\ext;C:\WINDOWS\Sun\Java\lib\ext"/>
    <property name="sun.io.unicode.encoding" value="UnicodeLittle"/>
    <property name="maven.repo.local" value="D:\apache-maven-3.6.1\repository"/>
    <property name="java.class.version" value="52.0"/>
  </properties>
  <testcase name="contextLoads" classname="com.app.warehouse.WarehouseApplicationTests" time="0.188">
    <system-out><![CDATA[21:54:28.977 [main] DEBUG org.springframework.test.context.BootstrapUtils - Instantiating CacheAwareContextLoaderDelegate from class [org.springframework.test.context.cache.DefaultCacheAwareContextLoaderDelegate]
21:54:28.992 [main] DEBUG org.springframework.test.context.BootstrapUtils - Instantiating BootstrapContext using constructor [public org.springframework.test.context.support.DefaultBootstrapContext(java.lang.Class,org.springframework.test.context.CacheAwareContextLoaderDelegate)]
21:54:29.012 [main] DEBUG org.springframework.test.context.BootstrapUtils - Instantiating TestContextBootstrapper for test class [com.app.warehouse.WarehouseApplicationTests] from class [org.springframework.boot.test.context.SpringBootTestContextBootstrapper]
21:54:29.019 [main] INFO org.springframework.boot.test.context.SpringBootTestContextBootstrapper - Neither @ContextConfiguration nor @ContextHierarchy found for test class [com.app.warehouse.WarehouseApplicationTests], using SpringBootContextLoader
21:54:29.021 [main] DEBUG org.springframework.test.context.support.AbstractContextLoader - Did not detect default resource location for test class [com.app.warehouse.WarehouseApplicationTests]: class path resource [com/app/warehouse/WarehouseApplicationTests-context.xml] does not exist
21:54:29.023 [main] DEBUG org.springframework.test.context.support.AbstractContextLoader - Did not detect default resource location for test class [com.app.warehouse.WarehouseApplicationTests]: class path resource [com/app/warehouse/WarehouseApplicationTestsContext.groovy] does not exist
21:54:29.023 [main] INFO org.springframework.test.context.support.AbstractContextLoader - Could not detect default resource locations for test class [com.app.warehouse.WarehouseApplicationTests]: no resource found for suffixes {-context.xml, Context.groovy}.
21:54:29.023 [main] INFO org.springframework.test.context.support.AnnotationConfigContextLoaderUtils - Could not detect default configuration classes for test class [com.app.warehouse.WarehouseApplicationTests]: WarehouseApplicationTests does not declare any static, non-private, non-final, nested classes annotated with @Configuration.
21:54:29.048 [main] DEBUG org.springframework.test.context.support.ActiveProfilesUtils - Could not find an 'annotation declaring class' for annotation type [org.springframework.test.context.ActiveProfiles] and class [com.app.warehouse.WarehouseApplicationTests]
21:54:29.094 [main] DEBUG org.springframework.context.annotation.ClassPathScanningCandidateComponentProvider - Identified candidate component class: file [D:\GitHub\Warehouse_Management_System\target\classes\com\app\warehouse\WarehouseApplication.class]
21:54:29.096 [main] INFO org.springframework.boot.test.context.SpringBootTestContextBootstrapper - Found @SpringBootConfiguration com.app.warehouse.WarehouseApplication for test class com.app.warehouse.WarehouseApplicationTests
21:54:29.161 [main] DEBUG org.springframework.boot.test.context.SpringBootTestContextBootstrapper - @TestExecutionListeners is not present for class [com.app.warehouse.WarehouseApplicationTests]: using defaults.
21:54:29.162 [main] INFO org.springframework.boot.test.context.SpringBootTestContextBootstrapper - Loaded default TestExecutionListener class names from location [META-INF/spring.factories]: [org.springframework.boot.test.mock.mockito.MockitoTestExecutionListener, org.springframework.boot.test.mock.mockito.ResetMocksTestExecutionListener, org.springframework.boot.test.autoconfigure.restdocs.RestDocsTestExecutionListener, org.springframework.boot.test.autoconfigure.web.client.MockRestServiceServerResetTestExecutionListener, org.springframework.boot.test.autoconfigure.web.servlet.MockMvcPrintOnlyOnFailureTestExecutionListener, org.springframework.boot.test.autoconfigure.web.servlet.WebDriverTestExecutionListener, org.springframework.boot.test.autoconfigure.webservices.client.MockWebServiceServerTestExecutionListener, org.springframework.test.context.web.ServletTestExecutionListener, org.springframework.test.context.support.DirtiesContextBeforeModesTestExecutionListener, org.springframework.test.context.event.ApplicationEventsTestExecutionListener, org.springframework.test.context.support.DependencyInjectionTestExecutionListener, org.springframework.test.context.support.DirtiesContextTestExecutionListener, org.springframework.test.context.transaction.TransactionalTestExecutionListener, org.springframework.test.context.jdbc.SqlScriptsTestExecutionListener, org.springframework.test.context.event.EventPublishingTestExecutionListener]
21:54:29.179 [main] INFO org.springframework.boot.test.context.SpringBootTestContextBootstrapper - Using TestExecutionListeners: [org.springframework.test.context.web.ServletTestExecutionListener@11d2e23, org.springframework.test.context.support.DirtiesContextBeforeModesTestExecutionListener@16dbea0, org.springframework.test.context.event.ApplicationEventsTestExecutionListener@1c81abf, org.springframework.boot.test.mock.mockito.MockitoTestExecutionListener@16a6d9b, org.springframework.boot.test.autoconfigure.SpringBootDependencyInjectionTestExecutionListener@1d03963, org.springframework.test.context.support.DirtiesContextTestExecutionListener@1760b47, org.springframework.test.context.transaction.TransactionalTestExecutionListener@ece7f4, org.springframework.test.context.jdbc.SqlScriptsTestExecutionListener@ce57c7, org.springframework.test.context.event.EventPublishingTestExecutionListener@f56a1c, org.springframework.boot.test.mock.mockito.ResetMocksTestExecutionListener@1f676f6, org.springframework.boot.test.autoconfigure.restdocs.RestDocsTestExecutionListener@5ae43b, org.springframework.boot.test.autoconfigure.web.client.MockRestServiceServerResetTestExecutionListener@64f218, org.springframework.boot.test.autoconfigure.web.servlet.MockMvcPrintOnlyOnFailureTestExecutionListener@176ddc2, org.springframework.boot.test.autoconfigure.web.servlet.WebDriverTestExecutionListener@1b74c5c, org.springframework.boot.test.autoconfigure.webservices.client.MockWebServiceServerTestExecutionListener@570ded]
21:54:29.182 [main] DEBUG org.springframework.test.context.support.AbstractDirtiesContextTestExecutionListener - Before test class: context [DefaultTestContext@1d9cbf5 testClass = WarehouseApplicationTests, testInstance = [null], testMethod = [null], testException = [null], mergedContextConfiguration = [WebMergedContextConfiguration@18db956 testClass = WarehouseApplicationTests, locations = '{}', classes = '{class com.app.warehouse.WarehouseApplication}', contextInitializerClasses = '[]', activeProfiles = '{}', propertySourceLocations = '{}', propertySourceProperties = '{org.springframework.boot.test.context.SpringBootTestContextBootstrapper=true}', contextCustomizers = set[org.springframework.boot.test.context.filter.ExcludeFilterContextCustomizer@1be4146, org.springframework.boot.test.json.DuplicateJsonObjectContextCustomizerFactory$DuplicateJsonObjectContextCustomizer@130ad9c, org.springframework.boot.test.mock.mockito.MockitoContextCustomizer@0, org.springframework.boot.test.web.client.TestRestTemplateContextCustomizer@17277dc, org.springframework.boot.test.autoconfigure.actuate.metrics.MetricsExportContextCustomizerFactory$DisableMetricExportContextCustomizer@1271612, org.springframework.boot.test.autoconfigure.properties.PropertyMappingContextCustomizer@0, org.springframework.boot.test.autoconfigure.web.servlet.WebDriverContextCustomizerFactory$Customizer@98ac89, org.springframework.boot.test.context.SpringBootTestArgs@1, org.springframework.boot.test.context.SpringBootTestWebEnvironment@77ab81], resourceBasePath = 'src/main/webapp', contextLoader = 'org.springframework.boot.test.context.SpringBootContextLoader', parent = [null]], attributes = map['org.springframework.test.context.web.ServletTestExecutionListener.activateListener' -> true]], class annotated with @DirtiesContext [false] with mode [null].

  .   ____          _            __ _ _
 /\\ / ___'_ __ _ _(_)_ __  __ _ \ \ \ \
( ( )\___ | '_ | '_| | '_ \/ _` | \ \ \ \
 \\/  ___)| |_)| | | | | || (_| |  ) ) ) )
  '  |____| .__|_| |_|_| |_\__, | / / / /
 =========|_|==============|___/=/_/_/_/
 :: Spring Boot ::               (v2.6.13)

2024-10-13 21:54:29.445  INFO 25372 --- [           main] c.a.warehouse.WarehouseApplicationTests  : Starting WarehouseApplicationTests using Java 1.8.0_361 on LAPTOP-OJO538P6 with PID 25372 (started by 爱吃甜筒 in D:\GitHub\Warehouse_Management_System)
2024-10-13 21:54:29.446  INFO 25372 --- [           main] c.a.warehouse.WarehouseApplicationTests  : No active profile set, falling back to 1 default profile: "default"
2024-10-13 21:54:30.225  INFO 25372 --- [           main] .s.d.r.c.RepositoryConfigurationDelegate : Multiple Spring Data modules found, entering strict repository configuration mode
2024-10-13 21:54:30.227  INFO 25372 --- [           main] .s.d.r.c.RepositoryConfigurationDelegate : Bootstrapping Spring Data Redis repositories in DEFAULT mode.
2024-10-13 21:54:30.249  INFO 25372 --- [           main] .s.d.r.c.RepositoryConfigurationDelegate : Finished Spring Data repository scanning in 12 ms. Found 0 Redis repository interfaces.
2024-10-13 21:54:31.264  INFO 25372 --- [           main] c.a.d.s.b.a.DruidDataSourceAutoConfigure : Init DruidDataSource
2024-10-13 21:54:31.366  INFO 25372 --- [           main] com.alibaba.druid.pool.DruidDataSource   : {dataSource-1} inited
Logging initialized using 'class org.apache.ibatis.logging.stdout.StdOutImpl' adapter.
Initialization Sequence datacenterId:27 workerId:6
 _ _   |_  _ _|_. ___ _ |    _ 
| | |\/|_)(_| | |_\  |_)||_|_\ 
     /               |         
                        3.5.4 
2024-10-13 21:54:32.470  INFO 25372 --- [           main] o.s.s.web.DefaultSecurityFilterChain     : Will secure any request with [org.springframework.security.web.context.request.async.WebAsyncManagerIntegrationFilter@18d6d30, org.springframework.security.web.context.SecurityContextPersistenceFilter@865072, org.springframework.security.web.header.HeaderWriterFilter@1b7c97f, org.springframework.web.filter.CorsFilter@65fcd, org.springframework.security.web.authentication.logout.LogoutFilter@6bd263, com.app.warehouse.filter.JwtAuthenticationFilter@7aa4f, org.springframework.security.web.savedrequest.RequestCacheAwareFilter@15d3a5c, org.springframework.security.web.servletapi.SecurityContextHolderAwareRequestFilter@601047, org.springframework.security.web.authentication.AnonymousAuthenticationFilter@1ed2f68, org.springframework.security.web.session.SessionManagementFilter@928a61, org.springframework.security.web.access.ExceptionTranslationFilter@155617b, org.springframework.security.web.access.intercept.FilterSecurityInterceptor@1d289c7]
2024-10-13 21:54:33.230  INFO 25372 --- [           main] o.s.b.a.e.web.EndpointLinksResolver      : Exposing 1 endpoint(s) beneath base path '/actuator'
2024-10-13 21:54:33.289  INFO 25372 --- [           main] c.a.warehouse.WarehouseApplicationTests  : Started WarehouseApplicationTests in 4.075 seconds (JVM running for 4.789)
]]></system-out>
    <system-err><![CDATA[SLF4J: Class path contains multiple SLF4J bindings.
SLF4J: Found binding in [jar:file:/D:/apache-maven-3.6.1/repository/ch/qos/logback/logback-classic/1.2.11/logback-classic-1.2.11.jar!/org/slf4j/impl/StaticLoggerBinder.class]
SLF4J: Found binding in [jar:file:/D:/apache-maven-3.6.1/repository/org/apache/logging/log4j/log4j-slf4j-impl/2.17.2/log4j-slf4j-impl-2.17.2.jar!/org/slf4j/impl/StaticLoggerBinder.class]
SLF4J: See http://www.slf4j.org/codes.html#multiple_bindings for an explanation.
SLF4J: Actual binding is of type [ch.qos.logback.classic.util.ContextSelectorStaticBinder]
]]></system-err>
  </testcase>
</testsuite>